
-------------------------------------------------------------------------------
   ROBOCOPY     ::     Robust File Copy for Windows                              
-------------------------------------------------------------------------------

  Started : pitek, 22 sierpnia 2025 04:25:28
   Source : C:\Projekt_AI\
     Dest : C:\Projekt_AI\backup\backup_2025-08-22_04-25\

    Files : *.*
	    
 Exc Dirs : C:\Projekt_AI\backup
	    C:\Projekt_AI\multimedia
	    
  Options : *.* /TEE /S /E /DCOPY:AT /COPY:DAT /PURGE /MIR /R:3 /W:5 

------------------------------------------------------------------------------

	                   5	C:\Projekt_AI\
	    New File  		      81	cleanup.bat100%  
	    New File  		    1759	cleanup.ps1100%  
	    New File  		    8909	start.bat100%  
	    New File  		    6851	zzz start2,bat100%  
	    New File  		    5802	zzz startstary.bat100%  
	  New Dir          0	C:\Projekt_AI\dane_analizy\
	  New Dir          0	C:\Projekt_AI\dokumentacja\
	  New Dir          0	C:\Projekt_AI\komunikacja\
	  New Dir          2	C:\Projekt_AI\logi\
	    New File  		    6791	backup_2025-08-22_04-07.log100%  
	    New File  		       0	backup_2025-08-22_04-25.log100%  
	  New Dir          2	C:\Projekt_AI\praca\
	    New File  		       0	7277772752.txt
	    New File  		       0	fgsfghdfghdfghdfhdhfhdfhdfhsdfhdf.txt
	  New Dir          0	C:\Projekt_AI\PROJEKT\
	  New Dir          0	C:\Projekt_AI\PROJEKT\AI_trening\
	  New Dir          0	C:\Projekt_AI\PROJEKT\AI_trening\notatki\
	  New Dir          0	C:\Projekt_AI\PROJEKT\AI_trening\przyklady\
	  New Dir          0	C:\Projekt_AI\PROJEKT\backup\
	  New Dir          0	C:\Projekt_AI\PROJEKT\backup\pelne\
	  New Dir          0	C:\Projekt_AI\PROJEKT\backup\start\
	  New Dir          0	C:\Projekt_AI\PROJEKT\dom\
	  New Dir          0	C:\Projekt_AI\PROJEKT\dom\czujniki\
	  New Dir          0	C:\Projekt_AI\PROJEKT\dom\garaz_ogrod\
	  New Dir          0	C:\Projekt_AI\PROJEKT\dom\glosniki\
	  New Dir          0	C:\Projekt_AI\PROJEKT\dom\kamery\
	  New Dir          0	C:\Projekt_AI\PROJEKT\dom\swiatla\
	  New Dir          0	C:\Projekt_AI\PROJEKT\komunikacja\
	  New Dir          0	C:\Projekt_AI\PROJEKT\komunikacja\powiadomienia\
	  New Dir          0	C:\Projekt_AI\PROJEKT\komunikacja\skrypty\
	  New Dir          0	C:\Projekt_AI\PROJEKT\praca\
	  New Dir          0	C:\Projekt_AI\PROJEKT\praca\projekty\
	  New Dir          0	C:\Projekt_AI\PROJEKT\praca\raporty\
	  New Dir          0	C:\Projekt_AI\PROJEKT\strategia_inwestycyjna\
	  New Dir          0	C:\Projekt_AI\PROJEKT\strategia_inwestycyjna\materiaˆy\
	  New Dir          0	C:\Projekt_AI\PROJEKT\strategia_inwestycyjna\raporty\
	  New Dir          0	C:\Projekt_AI\PROJEKT\zdjecia_i_filmy\
	  New Dir          0	C:\Projekt_AI\PROJEKT\zdjecia_i_filmy\albumy_z_opisami\
	  New Dir          0	C:\Projekt_AI\PROJEKT\zdjecia_i_filmy\wycieczki\
	  New Dir          0	C:\Projekt_AI\PROJEKT\zdjecia_i_filmy\wydarzenia\
	  New Dir          5	C:\Projekt_AI\przywroc\
	    New File  		      81	cleanup.bat100%  
	    New File  		    1759	cleanup.ps1100%  
	    New File  		    6133	start.bat100%  
	    New File  		    6851	zzz start2,bat100%  
	    New File  		    5802	zzz startstary.bat100%  
	  New Dir          0	C:\Projekt_AI\przywroc\dane_analizy\
	  New Dir          0	C:\Projekt_AI\przywroc\dokumentacja\
	  New Dir          0	C:\Projekt_AI\przywroc\komunikacja\
	  New Dir          3	C:\Projekt_AI\przywroc\logi\
	    New File  		    3893	backup_2025-08-22_ 0-33.log100%  
	    New File  		       0	backup_2025-08-22_00 25%   50%   75%  100%  
	    New File  		    1297	backup_2025-08-22_01-33.log100%  
	  New Dir          2	C:\Projekt_AI\przywroc\praca\
	    New File  		       0	7277772752.txt
	    New File  		       0	fgsfghdfghdfghdfhdhfhdfhdfhsdfhdf.txt
	  New Dir          0	C:\Projekt_AI\przywroc\PROJEKT\
	  New Dir          0	C:\Projekt_AI\przywroc\PROJEKT\AI_trening\
	  New Dir          0	C:\Projekt_AI\przywroc\PROJEKT\AI_trening\notatki\
	  New Dir          0	C:\Projekt_AI\przywroc\PROJEKT\AI_trening\przyklady\
	  New Dir          0	C:\Projekt_AI\przywroc\PROJEKT\backup\
	  New Dir          0	C:\Projekt_AI\przywroc\PROJEKT\backup\pelne\
	  New Dir          0	C:\Projekt_AI\przywroc\PROJEKT\backup\start\
	  New Dir          0	C:\Projekt_AI\przywroc\PROJEKT\dom\
	  New Dir          0	C:\Projekt_AI\przywroc\PROJEKT\dom\czujniki\
	  New Dir          0	C:\Projekt_AI\przywroc\PROJEKT\dom\garaz_ogrod\
	  New Dir          0	C:\Projekt_AI\przywroc\PROJEKT\dom\glosniki\
	  New Dir          0	C:\Projekt_AI\przywroc\PROJEKT\dom\kamery\
	  New Dir          0	C:\Projekt_AI\przywroc\PROJEKT\dom\swiatla\
	  New Dir          0	C:\Projekt_AI\przywroc\PROJEKT\komunikacja\
	  New Dir          0	C:\Projekt_AI\przywroc\PROJEKT\komunikacja\powiadomienia\
	  New Dir          0	C:\Projekt_AI\przywroc\PROJEKT\komunikacja\skrypty\
	  New Dir          0	C:\Projekt_AI\przywroc\PROJEKT\praca\
	  New Dir          0	C:\Projekt_AI\przywroc\PROJEKT\praca\projekty\
	  New Dir          0	C:\Projekt_AI\przywroc\PROJEKT\praca\raporty\
	  New Dir          0	C:\Projekt_AI\przywroc\PROJEKT\strategia_inwestycyjna\
	  New Dir          0	C:\Projekt_AI\przywroc\PROJEKT\strategia_inwestycyjna\materiaˆy\
	  New Dir          0	C:\Projekt_AI\przywroc\PROJEKT\strategia_inwestycyjna\raporty\
	  New Dir          0	C:\Projekt_AI\przywroc\PROJEKT\zdjecia_i_filmy\
	  New Dir          0	C:\Projekt_AI\przywroc\PROJEKT\zdjecia_i_filmy\albumy_z_opisami\
	  New Dir          0	C:\Projekt_AI\przywroc\PROJEKT\zdjecia_i_filmy\wycieczki\
	  New Dir          0	C:\Projekt_AI\przywroc\PROJEKT\zdjecia_i_filmy\wydarzenia\
	  New Dir          0	C:\Projekt_AI\przywroc\przywroc\
	  New Dir          0	C:\Projekt_AI\przywroc\scenariusze\
	  New Dir          0	C:\Projekt_AI\przywroc\strategia\
	  New Dir          0	C:\Projekt_AI\scenariusze\
	  New Dir          0	C:\Projekt_AI\strategia\

------------------------------------------------------------------------------

               Total    Copied   Skipped  Mismatch    FAILED    Extras
    Dirs :        70        68         2         0         0         0
   Files :        19        19         0         0         0         0
   Bytes :    54.6 k    54.6 k         0         0         0         0
   Times :   0:00:00   0:00:00                       0:00:00   0:00:00


   Speed :           9 334 833 Bytes/sec.
   Speed :             534,143 MegaBytes/min.
   Ended : pitek, 22 sierpnia 2025 04:25:28

[22.08.2025  4:25:28,09] Backup zakoï¿½czony z kodem 1 

-------------------------------------------------------------------------------
   ROBOCOPY     ::     Robust File Copy for Windows                              
-------------------------------------------------------------------------------

  Started : pitek, 22 sierpnia 2025 04:25:37
   Source : C:\Projekt_AI\
     Dest : C:\Projekt_AI\backup\backup_2025-08-22_04-25\

    Files : *.*
	    
 Exc Dirs : C:\Projekt_AI\backup
	    C:\Projekt_AI\multimedia
	    
  Options : *.* /TEE /S /E /DCOPY:AT /COPY:DAT /PURGE /MIR /R:3 /W:5 

------------------------------------------------------------------------------

	                   5	C:\Projekt_AI\
	                   0	C:\Projekt_AI\dane_analizy\
	                   0	C:\Projekt_AI\dokumentacja\
	                   0	C:\Projekt_AI\komunikacja\
	                   2	C:\Projekt_AI\logi\
	    Newer     		    6665	backup_2025-08-22_04-25.log100%  
	                   2	C:\Projekt_AI\praca\
	                   0	C:\Projekt_AI\PROJEKT\
	                   0	C:\Projekt_AI\PROJEKT\AI_trening\
	                   0	C:\Projekt_AI\PROJEKT\AI_trening\notatki\
	                   0	C:\Projekt_AI\PROJEKT\AI_trening\przyklady\
	                   0	C:\Projekt_AI\PROJEKT\backup\
	                   0	C:\Projekt_AI\PROJEKT\backup\pelne\
	                   0	C:\Projekt_AI\PROJEKT\backup\start\
	                   0	C:\Projekt_AI\PROJEKT\dom\
	                   0	C:\Projekt_AI\PROJEKT\dom\czujniki\
	                   0	C:\Projekt_AI\PROJEKT\dom\garaz_ogrod\
	                   0	C:\Projekt_AI\PROJEKT\dom\glosniki\
	                   0	C:\Projekt_AI\PROJEKT\dom\kamery\
	                   0	C:\Projekt_AI\PROJEKT\dom\swiatla\
	                   0	C:\Projekt_AI\PROJEKT\komunikacja\
	                   0	C:\Projekt_AI\PROJEKT\komunikacja\powiadomienia\
	                   0	C:\Projekt_AI\PROJEKT\komunikacja\skrypty\
	                   0	C:\Projekt_AI\PROJEKT\praca\
	                   0	C:\Projekt_AI\PROJEKT\praca\projekty\
	                   0	C:\Projekt_AI\PROJEKT\praca\raporty\
	                   0	C:\Projekt_AI\PROJEKT\strategia_inwestycyjna\
	                   0	C:\Projekt_AI\PROJEKT\strategia_inwestycyjna\materiaˆy\
	                   0	C:\Projekt_AI\PROJEKT\strategia_inwestycyjna\raporty\
	                   0	C:\Projekt_AI\PROJEKT\zdjecia_i_filmy\
	                   0	C:\Projekt_AI\PROJEKT\zdjecia_i_filmy\albumy_z_opisami\
	                   0	C:\Projekt_AI\PROJEKT\zdjecia_i_filmy\wycieczki\
	                   0	C:\Projekt_AI\PROJEKT\zdjecia_i_filmy\wydarzenia\
	                   5	C:\Projekt_AI\przywroc\
	                   0	C:\Projekt_AI\przywroc\dane_analizy\
	                   0	C:\Projekt_AI\przywroc\dokumentacja\
	                   0	C:\Projekt_AI\przywroc\komunikacja\
	                   3	C:\Projekt_AI\przywroc\logi\
	                   2	C:\Projekt_AI\przywroc\praca\
	                   0	C:\Projekt_AI\przywroc\PROJEKT\
	                   0	C:\Projekt_AI\przywroc\PROJEKT\AI_trening\
	                   0	C:\Projekt_AI\przywroc\PROJEKT\AI_trening\notatki\
	                   0	C:\Projekt_AI\przywroc\PROJEKT\AI_trening\przyklady\
	                   0	C:\Projekt_AI\przywroc\PROJEKT\backup\
	                   0	C:\Projekt_AI\przywroc\PROJEKT\backup\pelne\
	                   0	C:\Projekt_AI\przywroc\PROJEKT\backup\start\
	                   0	C:\Projekt_AI\przywroc\PROJEKT\dom\
	                   0	C:\Projekt_AI\przywroc\PROJEKT\dom\czujniki\
	                   0	C:\Projekt_AI\przywroc\PROJEKT\dom\garaz_ogrod\
	                   0	C:\Projekt_AI\przywroc\PROJEKT\dom\glosniki\
	                   0	C:\Projekt_AI\przywroc\PROJEKT\dom\kamery\
	                   0	C:\Projekt_AI\przywroc\PROJEKT\dom\swiatla\
	                   0	C:\Projekt_AI\przywroc\PROJEKT\komunikacja\
	                   0	C:\Projekt_AI\przywroc\PROJEKT\komunikacja\powiadomienia\
	                   0	C:\Projekt_AI\przywroc\PROJEKT\komunikacja\skrypty\
	                   0	C:\Projekt_AI\przywroc\PROJEKT\praca\
	                   0	C:\Projekt_AI\przywroc\PROJEKT\praca\projekty\
	                   0	C:\Projekt_AI\przywroc\PROJEKT\praca\raporty\
	                   0	C:\Projekt_AI\przywroc\PROJEKT\strategia_inwestycyjna\
	                   0	C:\Projekt_AI\przywroc\PROJEKT\strategia_inwestycyjna\materiaˆy\
	                   0	C:\Projekt_AI\przywroc\PROJEKT\strategia_inwestycyjna\raporty\
	                   0	C:\Projekt_AI\przywroc\PROJEKT\zdjecia_i_filmy\
	                   0	C:\Projekt_AI\przywroc\PROJEKT\zdjecia_i_filmy\albumy_z_opisami\
	                   0	C:\Projekt_AI\przywroc\PROJEKT\zdjecia_i_filmy\wycieczki\
	                   0	C:\Projekt_AI\przywroc\PROJEKT\zdjecia_i_filmy\wydarzenia\
	                   0	C:\Projekt_AI\przywroc\przywroc\
	                   0	C:\Projekt_AI\przywroc\scenariusze\
	                   0	C:\Projekt_AI\przywroc\strategia\
	                   0	C:\Projekt_AI\scenariusze\
	                   0	C:\Projekt_AI\strategia\

------------------------------------------------------------------------------

               Total    Copied   Skipped  Mismatch    FAILED    Extras
    Dirs :        70         0        70         0         0         0
   Files :        19         1        18         0         0         0
   Bytes :    61.2 k     6.5 k    54.6 k         0         0         0
   Times :   0:00:00   0:00:00                       0:00:00   0:00:00
   Ended : pitek, 22 sierpnia 2025 04:25:38

[22.08.2025  4:25:38,01] Backup zakoï¿½czony z kodem 1 

-------------------------------------------------------------------------------
   ROBOCOPY     ::     Robust File Copy for Windows                              
-------------------------------------------------------------------------------

  Started : pitek, 22 sierpnia 2025 04:25:54
   Source : C:\Projekt_AI\
     Dest : C:\Projekt_AI\backup\backup_2025-08-22_04-25\

    Files : *.*
	    
 Exc Dirs : C:\Projekt_AI\backup
	    C:\Projekt_AI\multimedia
	    
  Options : *.* /TEE /S /E /DCOPY:AT /COPY:DAT /PURGE /MIR /R:3 /W:5 

------------------------------------------------------------------------------

	                   5	C:\Projekt_AI\
	                   0	C:\Projekt_AI\dane_analizy\
	                   0	C:\Projekt_AI\dokumentacja\
	                   0	C:\Projekt_AI\komunikacja\
	                   2	C:\Projekt_AI\logi\
	    Newer     		   12284	backup_2025-08-22_04-25.log100%  
	                   2	C:\Projekt_AI\praca\
	                   0	C:\Projekt_AI\PROJEKT\
	                   0	C:\Projekt_AI\PROJEKT\AI_trening\
	                   0	C:\Projekt_AI\PROJEKT\AI_trening\notatki\
	                   0	C:\Projekt_AI\PROJEKT\AI_trening\przyklady\
	                   0	C:\Projekt_AI\PROJEKT\backup\
	                   0	C:\Projekt_AI\PROJEKT\backup\pelne\
	                   0	C:\Projekt_AI\PROJEKT\backup\start\
	                   0	C:\Projekt_AI\PROJEKT\dom\
	                   0	C:\Projekt_AI\PROJEKT\dom\czujniki\
	                   0	C:\Projekt_AI\PROJEKT\dom\garaz_ogrod\
	                   0	C:\Projekt_AI\PROJEKT\dom\glosniki\
	                   0	C:\Projekt_AI\PROJEKT\dom\kamery\
	                   0	C:\Projekt_AI\PROJEKT\dom\swiatla\
	                   0	C:\Projekt_AI\PROJEKT\komunikacja\
	                   0	C:\Projekt_AI\PROJEKT\komunikacja\powiadomienia\
	                   0	C:\Projekt_AI\PROJEKT\komunikacja\skrypty\
	                   0	C:\Projekt_AI\PROJEKT\praca\
	                   0	C:\Projekt_AI\PROJEKT\praca\projekty\
	                   0	C:\Projekt_AI\PROJEKT\praca\raporty\
	                   0	C:\Projekt_AI\PROJEKT\strategia_inwestycyjna\
	                   0	C:\Projekt_AI\PROJEKT\strategia_inwestycyjna\materiaˆy\
	                   0	C:\Projekt_AI\PROJEKT\strategia_inwestycyjna\raporty\
	                   0	C:\Projekt_AI\PROJEKT\zdjecia_i_filmy\
	                   0	C:\Projekt_AI\PROJEKT\zdjecia_i_filmy\albumy_z_opisami\
	                   0	C:\Projekt_AI\PROJEKT\zdjecia_i_filmy\wycieczki\
	                   0	C:\Projekt_AI\PROJEKT\zdjecia_i_filmy\wydarzenia\
	                   5	C:\Projekt_AI\przywroc\
	                   0	C:\Projekt_AI\przywroc\dane_analizy\
	                   0	C:\Projekt_AI\przywroc\dokumentacja\
	                   0	C:\Projekt_AI\przywroc\komunikacja\
	                   3	C:\Projekt_AI\przywroc\logi\
	                   2	C:\Projekt_AI\przywroc\praca\
	                   0	C:\Projekt_AI\przywroc\PROJEKT\
	                   0	C:\Projekt_AI\przywroc\PROJEKT\AI_trening\
	                   0	C:\Projekt_AI\przywroc\PROJEKT\AI_trening\notatki\
	                   0	C:\Projekt_AI\przywroc\PROJEKT\AI_trening\przyklady\
	                   0	C:\Projekt_AI\przywroc\PROJEKT\backup\
	                   0	C:\Projekt_AI\przywroc\PROJEKT\backup\pelne\
	                   0	C:\Projekt_AI\przywroc\PROJEKT\backup\start\
	                   0	C:\Projekt_AI\przywroc\PROJEKT\dom\
	                   0	C:\Projekt_AI\przywroc\PROJEKT\dom\czujniki\
	                   0	C:\Projekt_AI\przywroc\PROJEKT\dom\garaz_ogrod\
	                   0	C:\Projekt_AI\przywroc\PROJEKT\dom\glosniki\
	                   0	C:\Projekt_AI\przywroc\PROJEKT\dom\kamery\
	                   0	C:\Projekt_AI\przywroc\PROJEKT\dom\swiatla\
	                   0	C:\Projekt_AI\przywroc\PROJEKT\komunikacja\
	                   0	C:\Projekt_AI\przywroc\PROJEKT\komunikacja\powiadomienia\
	                   0	C:\Projekt_AI\przywroc\PROJEKT\komunikacja\skrypty\
	                   0	C:\Projekt_AI\przywroc\PROJEKT\praca\
	                   0	C:\Projekt_AI\przywroc\PROJEKT\praca\projekty\
	                   0	C:\Projekt_AI\przywroc\PROJEKT\praca\raporty\
	                   0	C:\Projekt_AI\przywroc\PROJEKT\strategia_inwestycyjna\
	                   0	C:\Projekt_AI\przywroc\PROJEKT\strategia_inwestycyjna\materiaˆy\
	                   0	C:\Projekt_AI\przywroc\PROJEKT\strategia_inwestycyjna\raporty\
	                   0	C:\Projekt_AI\przywroc\PROJEKT\zdjecia_i_filmy\
	                   0	C:\Projekt_AI\przywroc\PROJEKT\zdjecia_i_filmy\albumy_z_opisami\
	                   0	C:\Projekt_AI\przywroc\PROJEKT\zdjecia_i_filmy\wycieczki\
	                   0	C:\Projekt_AI\przywroc\PROJEKT\zdjecia_i_filmy\wydarzenia\
	                   0	C:\Projekt_AI\przywroc\przywroc\
	                   0	C:\Projekt_AI\przywroc\scenariusze\
	                   0	C:\Projekt_AI\przywroc\strategia\
	                   0	C:\Projekt_AI\scenariusze\
	                   0	C:\Projekt_AI\strategia\

------------------------------------------------------------------------------

               Total    Copied   Skipped  Mismatch    FAILED    Extras
    Dirs :        70         0        70         0         0         0
   Files :        19         1        18         0         0         0
   Bytes :    66.6 k    11.9 k    54.6 k         0         0         0
   Times :   0:00:00   0:00:00                       0:00:00   0:00:00


   Speed :           12 284 000 Bytes/sec.
   Speed :              702,896 MegaBytes/min.
   Ended : pitek, 22 sierpnia 2025 04:25:54

[22.08.2025  4:25:54,11] Backup zakoï¿½czony z kodem 1 
