
-------------------------------------------------------------------------------
   ROBOCOPY     ::     Robust File Copy for Windows                              
-------------------------------------------------------------------------------

  Started : pitek, 22 sierpnia 2025 00:33:39
   Source : C:\Projekt_AI\
     Dest : C:\Projekt_AI\backup\backup_2025-08-22_ 0-33\

    Files : *.*
	    
 Exc Dirs : C:\Projekt_AI\backup
	    C:\Projekt_AI\multimedia
	    
  Options : *.* /S /E /DCOPY:DA /COPY:DAT /PURGE /MIR /Z /R:3 /W:5 

------------------------------------------------------------------------------

	                   5	C:\Projekt_AI\
	    New File  		      81	cleanup.bat100%  
	    New File  		    1759	cleanup.ps1100%  
	    New File  		    8793	start.bat100%  
	    New File  		    6851	zzz start2,bat100%  
	    New File  		    5802	zzz startstary.bat100%  
	  New Dir          0	C:\Projekt_AI\dane_analizy\
	  New Dir          0	C:\Projekt_AI\dokumentacja\
	  New Dir          0	C:\Projekt_AI\komunikacja\
	  New Dir          4	C:\Projekt_AI\logi\
	    New File  		    3697	backup_2025-08-22_ 0-32.log100%  
	    New File  		       0	backup_2025-08-22_ 0-33.log100%  
	    New File  		      57	restore_22.08.2025_ 0-19-17,58.log100%  
	    New File  		      57	restore_22.08.2025_ 0-32-59,38.log100%  
	  New Dir          1	C:\Projekt_AI\praca\
	    New File  		       0	fgsfghdfghdfghdfhdhfhdfhdfhsdfhdf.txt
	  New Dir          0	C:\Projekt_AI\PROJEKT\
	  New Dir          0	C:\Projekt_AI\PROJEKT\AI_trening\
	  New Dir          0	C:\Projekt_AI\PROJEKT\AI_trening\notatki\
	  New Dir          0	C:\Projekt_AI\PROJEKT\AI_trening\przyklady\
	  New Dir          0	C:\Projekt_AI\PROJEKT\backup\
	  New Dir          0	C:\Projekt_AI\PROJEKT\backup\pelne\
	  New Dir          0	C:\Projekt_AI\PROJEKT\backup\start\
	  New Dir          0	C:\Projekt_AI\PROJEKT\dom\
	  New Dir          0	C:\Projekt_AI\PROJEKT\dom\czujniki\
	  New Dir          0	C:\Projekt_AI\PROJEKT\dom\garaz_ogrod\
	  New Dir          0	C:\Projekt_AI\PROJEKT\dom\glosniki\
	  New Dir          0	C:\Projekt_AI\PROJEKT\dom\kamery\
	  New Dir          0	C:\Projekt_AI\PROJEKT\dom\swiatla\
	  New Dir          0	C:\Projekt_AI\PROJEKT\komunikacja\
	  New Dir          0	C:\Projekt_AI\PROJEKT\komunikacja\powiadomienia\
	  New Dir          0	C:\Projekt_AI\PROJEKT\komunikacja\skrypty\
	  New Dir          0	C:\Projekt_AI\PROJEKT\praca\
	  New Dir          0	C:\Projekt_AI\PROJEKT\praca\projekty\
	  New Dir          0	C:\Projekt_AI\PROJEKT\praca\raporty\
	  New Dir          0	C:\Projekt_AI\PROJEKT\strategia_inwestycyjna\
	  New Dir          0	C:\Projekt_AI\PROJEKT\strategia_inwestycyjna\materiaˆy\
	  New Dir          0	C:\Projekt_AI\PROJEKT\strategia_inwestycyjna\raporty\
	  New Dir          0	C:\Projekt_AI\PROJEKT\zdjecia_i_filmy\
	  New Dir          0	C:\Projekt_AI\PROJEKT\zdjecia_i_filmy\albumy_z_opisami\
	  New Dir          0	C:\Projekt_AI\PROJEKT\zdjecia_i_filmy\wycieczki\
	  New Dir          0	C:\Projekt_AI\PROJEKT\zdjecia_i_filmy\wydarzenia\
	  New Dir          0	C:\Projekt_AI\przywroc\
	  New Dir          0	C:\Projekt_AI\scenariusze\
	  New Dir          0	C:\Projekt_AI\strategia\

------------------------------------------------------------------------------

               Total    Copied   Skipped  Mismatch    FAILED    Extras
    Dirs :        37        34         3         0         0         0
   Files :        10        10         0         0         0         0
   Bytes :    26.4 k    26.4 k         0         0         0         0
   Times :   0:00:00   0:00:00                       0:00:00   0:00:00


   Speed :           9 032 333 Bytes/sec.
   Speed :             516,834 MegaBytes/min.
   Ended : pitek, 22 sierpnia 2025 00:33:39

[22.08.2025  0:33:41,17] Backup zakoï¿½czony z kodem 0 
